Error: missing newline in C:\Users\User\Documents\VuGen\Scripts\api-post-script\group_name.dat	[MsgId: MERR-13874]
Error: missing newline in C:\Users\User\Documents\VuGen\Scripts\api-post-script\NewParam.dat	[MsgId: MERR-13874]
Virtual User Script started at: Tue 25.07.23 15:16:54	[MsgId: MMSG-15967]
Starting action vuser_init.	[MsgId: MMSG-15919]
Web Turbo Replay of LoadRunner 12.55.0 for Windows 10; build 911 (èþë 24 2017 19:46:00)  	[MsgId: MMSG-26983]
Run mode: HTML  	[MsgId: MMSG-26993]
Replay user agent: Mozilla/5.0 (compatible; MSIE 10.0; Windows NT 6.1; Trident/6.0)  	[MsgId: MMSG-26988]
Run-Time Settings file: "C:\Users\User\AppData\Local\Temp\lr5tmpdirwoL.438\lrcfgdSt.518\cfg70K.537"  	[MsgId: MMSG-27141]
Ending action vuser_init.	[MsgId: MMSG-15918]
Running Vuser...	[MsgId: MMSG-15964]
Starting iteration 1.	[MsgId: MMSG-15968]
Maximum number of concurrent connections per server: 6  	[MsgId: MMSG-26989]
Starting action post_script.	[MsgId: MMSG-15919]
post_script.c(3): web_set_sockets_option started  	[MsgId: MMSG-26355]
post_script.c(3): web_set_sockets_option was successful  	[MsgId: MMSG-26392]
post_script.c(5): web_rest("POST: http://127.0.0.1:5000/music") started  	[MsgId: MMSG-26355]
post_script.c(5): Notify: ****************   web_add_header is called internally from web_rest. The following messages are from web_add_header   *****************
post_script.c(5): web_add_header("Accept") started  	[MsgId: MMSG-26355]
post_script.c(5): web_add_header("Accept") was successful  	[MsgId: MMSG-26392]
post_script.c(5): web_add_header("Content-Type") started  	[MsgId: MMSG-26355]
post_script.c(5): Warning -26594: The header being added may cause unpredictable results if applied to ALL the URLs generated on behalf of the next script function. It will apply to the primary URL only.  	[MsgId: MWAR-26594]
post_script.c(5): web_add_header("Content-Type") highest severity level was "warning"  	[MsgId: MMSG-26391]
post_script.c(5): Notify: ****************   End of messages from web_add_header   *****************
post_script.c(5): Error -26631: HTTP Status-Code=400 (BAD REQUEST) for "http://127.0.0.1:5000/music"  	[MsgId: MERR-26631]
post_script.c(5): web_rest("POST: http://127.0.0.1:5000/music") highest severity level was "ERROR", 199 body bytes, 183 header bytes  	[MsgId: MMSG-26388]
Ending action post_script.	[MsgId: MMSG-15918]
Ending iteration 1.	[MsgId: MMSG-15965]
Waiting 203,9610 seconds for iteration pacing.	[MsgId: MMSG-15996]
Virtual User Script started at: Tue 25.07.23 15:17:54	[MsgId: MMSG-15967]
Starting action vuser_init.	[MsgId: MMSG-15919]
Web Turbo Replay of LoadRunner 12.55.0 for Windows 10; build 911 (èþë 24 2017 19:46:00)  	[MsgId: MMSG-26983]
Run mode: HTML  	[MsgId: MMSG-26993]
Replay user agent: Mozilla/5.0 (compatible; MSIE 10.0; Windows NT 6.1; Trident/6.0)  	[MsgId: MMSG-26988]
Run-Time Settings file: "C:\Users\User\AppData\Local\Temp\lr5tmpdirwoL.438\lrcfgdSt.518\cfg70K.537"  	[MsgId: MMSG-27141]
Ending action vuser_init.	[MsgId: MMSG-15918]
Running Vuser...	[MsgId: MMSG-15964]
Starting iteration 1.	[MsgId: MMSG-15968]
Maximum number of concurrent connections per server: 6  	[MsgId: MMSG-26989]
Starting action post_script.	[MsgId: MMSG-15919]
post_script.c(3): web_set_sockets_option started  	[MsgId: MMSG-26355]
post_script.c(3): web_set_sockets_option was successful  	[MsgId: MMSG-26392]
post_script.c(5): web_rest("POST: http://127.0.0.1:5000/music") started  	[MsgId: MMSG-26355]
post_script.c(5): Notify: ****************   web_add_header is called internally from web_rest. The following messages are from web_add_header   *****************
post_script.c(5): web_add_header("Accept") started  	[MsgId: MMSG-26355]
post_script.c(5): web_add_header("Accept") was successful  	[MsgId: MMSG-26392]
post_script.c(5): web_add_header("Content-Type") started  	[MsgId: MMSG-26355]
post_script.c(5): Warning -26594: The header being added may cause unpredictable results if applied to ALL the URLs generated on behalf of the next script function. It will apply to the primary URL only.  	[MsgId: MWAR-26594]
post_script.c(5): web_add_header("Content-Type") highest severity level was "warning"  	[MsgId: MMSG-26391]
post_script.c(5): Notify: ****************   End of messages from web_add_header   *****************
post_script.c(5): Error -26631: HTTP Status-Code=400 (BAD REQUEST) for "http://127.0.0.1:5000/music"  	[MsgId: MERR-26631]
post_script.c(5): web_rest("POST: http://127.0.0.1:5000/music") highest severity level was "ERROR", 199 body bytes, 183 header bytes  	[MsgId: MMSG-26388]
Ending action post_script.	[MsgId: MMSG-15918]
Ending iteration 1.	[MsgId: MMSG-15965]
Waiting 203,9880 seconds for iteration pacing.	[MsgId: MMSG-15996]
Starting iteration 2.	[MsgId: MMSG-15968]
Starting action post_script.	[MsgId: MMSG-15919]
post_script.c(3): web_set_sockets_option started  	[MsgId: MMSG-26355]
post_script.c(3): web_set_sockets_option was successful  	[MsgId: MMSG-26392]
post_script.c(5): web_rest("POST: http://127.0.0.1:5000/music") started  	[MsgId: MMSG-26355]
post_script.c(5): Notify: ****************   web_add_header is called internally from web_rest. The following messages are from web_add_header   *****************
post_script.c(5): web_add_header("Accept") started  	[MsgId: MMSG-26355]
post_script.c(5): web_add_header("Accept") was successful  	[MsgId: MMSG-26392]
post_script.c(5): web_add_header("Content-Type") started  	[MsgId: MMSG-26355]
post_script.c(5): Warning -26594: The header being added may cause unpredictable results if applied to ALL the URLs generated on behalf of the next script function. It will apply to the primary URL only.  	[MsgId: MWAR-26594]
post_script.c(5): web_add_header("Content-Type") highest severity level was "warning"  	[MsgId: MMSG-26391]
post_script.c(5): Notify: ****************   End of messages from web_add_header   *****************
post_script.c(5): Error -26631: HTTP Status-Code=400 (BAD REQUEST) for "http://127.0.0.1:5000/music"  	[MsgId: MERR-26631]
post_script.c(5): web_rest("POST: http://127.0.0.1:5000/music") highest severity level was "ERROR", 199 body bytes, 183 header bytes  	[MsgId: MMSG-26388]
Ending action post_script.	[MsgId: MMSG-15918]
Ending Vuser...	[MsgId: MMSG-15966]
Starting action vuser_end.	[MsgId: MMSG-15919]
Ending action vuser_end.	[MsgId: MMSG-15918]
Vuser Terminated.	[MsgId: MMSG-15963]
Starting iteration 2.	[MsgId: MMSG-15968]
Starting action post_script.	[MsgId: MMSG-15919]
post_script.c(3): web_set_sockets_option started  	[MsgId: MMSG-26355]
post_script.c(3): web_set_sockets_option was successful  	[MsgId: MMSG-26392]
post_script.c(5): web_rest("POST: http://127.0.0.1:5000/music") started  	[MsgId: MMSG-26355]
post_script.c(5): Notify: ****************   web_add_header is called internally from web_rest. The following messages are from web_add_header   *****************
post_script.c(5): web_add_header("Accept") started  	[MsgId: MMSG-26355]
post_script.c(5): web_add_header("Accept") was successful  	[MsgId: MMSG-26392]
post_script.c(5): web_add_header("Content-Type") started  	[MsgId: MMSG-26355]
post_script.c(5): Warning -26594: The header being added may cause unpredictable results if applied to ALL the URLs generated on behalf of the next script function. It will apply to the primary URL only.  	[MsgId: MWAR-26594]
post_script.c(5): web_add_header("Content-Type") highest severity level was "warning"  	[MsgId: MMSG-26391]
post_script.c(5): Notify: ****************   End of messages from web_add_header   *****************
post_script.c(5): Error -26631: HTTP Status-Code=400 (BAD REQUEST) for "http://127.0.0.1:5000/music"  	[MsgId: MERR-26631]
post_script.c(5): web_rest("POST: http://127.0.0.1:5000/music") highest severity level was "ERROR", 199 body bytes, 183 header bytes  	[MsgId: MMSG-26388]
Ending action post_script.	[MsgId: MMSG-15918]
Ending Vuser...	[MsgId: MMSG-15966]
Starting action vuser_end.	[MsgId: MMSG-15919]
Ending action vuser_end.	[MsgId: MMSG-15918]
Vuser Terminated.	[MsgId: MMSG-15963]
