Start auto log messages stack - Iteration 111.	[MsgId: MMSG-10545]
post.c(3): Notify: ****************   web_add_header is called internally from web_rest. The following messages are from web_add_header   *****************
post.c(3): web_add_header("Accept") started  	[MsgId: MMSG-26355]
post.c(3): web_add_header("Accept") was successful  	[MsgId: MMSG-26392]
post.c(3): web_add_header("Content-Type") started  	[MsgId: MMSG-26355]
post.c(3): Warning -26594: The header being added may cause unpredictable results if applied to ALL the URLs generated on behalf of the next script function. It will apply to the primary URL only.  	[MsgId: MWAR-26594]
post.c(3): web_add_header("Content-Type") highest severity level was "warning"  	[MsgId: MMSG-26391]
post.c(3): Notify: ****************   End of messages from web_add_header   *****************
post.c(3): Error -26612: HTTP Status-Code=500 (INTERNAL SERVER ERROR) for "http://127.0.0.1:5000/music"  	[MsgId: MERR-26612]
End auto log messages stack.	[MsgId: MMSG-10544]


Start auto log messages stack - Iteration 112.	[MsgId: MMSG-10545]
post.c(3): Notify: ****************   web_add_header is called internally from web_rest. The following messages are from web_add_header   *****************
post.c(3): web_add_header("Accept") started  	[MsgId: MMSG-26355]
post.c(3): web_add_header("Accept") was successful  	[MsgId: MMSG-26392]
post.c(3): web_add_header("Content-Type") started  	[MsgId: MMSG-26355]
post.c(3): Warning -26594: The header being added may cause unpredictable results if applied to ALL the URLs generated on behalf of the next script function. It will apply to the primary URL only.  	[MsgId: MWAR-26594]
post.c(3): web_add_header("Content-Type") highest severity level was "warning"  	[MsgId: MMSG-26391]
post.c(3): Notify: ****************   End of messages from web_add_header   *****************
post.c(3): Error -26612: HTTP Status-Code=500 (INTERNAL SERVER ERROR) for "http://127.0.0.1:5000/music"  	[MsgId: MERR-26612]
End auto log messages stack.	[MsgId: MMSG-10544]


Start auto log messages stack - Iteration 124.	[MsgId: MMSG-10545]
post.c(3): Notify: ****************   web_add_header is called internally from web_rest. The following messages are from web_add_header   *****************
post.c(3): web_add_header("Accept") started  	[MsgId: MMSG-26355]
post.c(3): web_add_header("Accept") was successful  	[MsgId: MMSG-26392]
post.c(3): web_add_header("Content-Type") started  	[MsgId: MMSG-26355]
post.c(3): Warning -26594: The header being added may cause unpredictable results if applied to ALL the URLs generated on behalf of the next script function. It will apply to the primary URL only.  	[MsgId: MWAR-26594]
post.c(3): web_add_header("Content-Type") highest severity level was "warning"  	[MsgId: MMSG-26391]
post.c(3): Notify: ****************   End of messages from web_add_header   *****************
post.c(3): Error -26612: HTTP Status-Code=500 (INTERNAL SERVER ERROR) for "http://127.0.0.1:5000/music"  	[MsgId: MERR-26612]
End auto log messages stack.	[MsgId: MMSG-10544]


Start auto log messages stack - Iteration 128.	[MsgId: MMSG-10545]
post.c(3): Notify: ****************   web_add_header is called internally from web_rest. The following messages are from web_add_header   *****************
post.c(3): web_add_header("Accept") started  	[MsgId: MMSG-26355]
post.c(3): web_add_header("Accept") was successful  	[MsgId: MMSG-26392]
post.c(3): web_add_header("Content-Type") started  	[MsgId: MMSG-26355]
post.c(3): Warning -26594: The header being added may cause unpredictable results if applied to ALL the URLs generated on behalf of the next script function. It will apply to the primary URL only.  	[MsgId: MWAR-26594]
post.c(3): web_add_header("Content-Type") highest severity level was "warning"  	[MsgId: MMSG-26391]
post.c(3): Notify: ****************   End of messages from web_add_header   *****************
post.c(3): Error -26612: HTTP Status-Code=500 (INTERNAL SERVER ERROR) for "http://127.0.0.1:5000/music"  	[MsgId: MERR-26612]
End auto log messages stack.	[MsgId: MMSG-10544]


