Virtual User Script started at: Tue 25.07.23 15:40:15	[MsgId: MMSG-15967]
Starting action vuser_init.	[MsgId: MMSG-15919]
Web Turbo Replay of LoadRunner 12.55.0 for Windows 10; build 911 (èþë 24 2017 19:46:00)  	[MsgId: MMSG-26983]
Run mode: HTML  	[MsgId: MMSG-26993]
Replay user agent: Mozilla/5.0 (compatible; MSIE 10.0; Windows NT 6.1; Trident/6.0)  	[MsgId: MMSG-26988]
Run-Time Settings file: "C:\Users\User\AppData\Local\Temp\lr5tmpdirwoL.438\lrcfgdSt.518\cfgnjC.539"  	[MsgId: MMSG-27141]
Ending action vuser_init.	[MsgId: MMSG-15918]
Running Vuser...	[MsgId: MMSG-15964]
Starting iteration 1.	[MsgId: MMSG-15968]
Maximum number of concurrent connections per server: 6  	[MsgId: MMSG-26989]
Starting action post.	[MsgId: MMSG-15919]
post.c(3): web_set_sockets_option started  	[MsgId: MMSG-26355]
post.c(3): web_set_sockets_option was successful  	[MsgId: MMSG-26392]
post.c(5): web_reg_save_param_json started  	[MsgId: MMSG-26355]
post.c(5): Registering web_reg_save_param_json was successful  	[MsgId: MMSG-26390]
post.c(11): web_rest("POST: http://127.0.0.1:5000/music") started  	[MsgId: MMSG-26355]
post.c(11): Notify: ****************   web_add_header is called internally from web_rest. The following messages are from web_add_header   *****************
post.c(11): web_add_header("Accept") started  	[MsgId: MMSG-26355]
post.c(11): web_add_header("Accept") was successful  	[MsgId: MMSG-26392]
post.c(11): web_add_header("Content-Type") started  	[MsgId: MMSG-26355]
post.c(11): Warning -26594: The header being added may cause unpredictable results if applied to ALL the URLs generated on behalf of the next script function. It will apply to the primary URL only.  	[MsgId: MWAR-26594]
post.c(11): web_add_header("Content-Type") highest severity level was "warning"  	[MsgId: MMSG-26391]
post.c(11): Notify: ****************   End of messages from web_add_header   *****************
post.c(11): web_rest("POST: http://127.0.0.1:5000/music") was successful, 236 body bytes, 166 header bytes  	[MsgId: MMSG-26386]
Ending action post.	[MsgId: MMSG-15918]
Starting action get.	[MsgId: MMSG-15919]
get.c(3): web_set_sockets_option started  	[MsgId: MMSG-26355]
get.c(3): web_set_sockets_option was successful  	[MsgId: MMSG-26392]
get.c(5): web_rest("GET: http://127.0.0.1:5000/music/{id}") started  	[MsgId: MMSG-26355]
get.c(5): web_rest("GET: http://127.0.0.1:5000/music/{id}") was successful, 236 body bytes, 166 header bytes  	[MsgId: MMSG-26386]
Ending action get.	[MsgId: MMSG-15918]
Starting action put_script.	[MsgId: MMSG-15919]
put_script.c(3): web_set_sockets_option started  	[MsgId: MMSG-26355]
put_script.c(3): web_set_sockets_option was successful  	[MsgId: MMSG-26392]
put_script.c(5): web_rest("PUT: http://127.0.0.1:5000/music/{id}") started  	[MsgId: MMSG-26355]
put_script.c(5): Notify: ****************   web_add_header is called internally from web_rest. The following messages are from web_add_header   *****************
put_script.c(5): web_add_header("Accept") started  	[MsgId: MMSG-26355]
put_script.c(5): web_add_header("Accept") was successful  	[MsgId: MMSG-26392]
put_script.c(5): web_add_header("Content-Type") started  	[MsgId: MMSG-26355]
put_script.c(5): Warning -26594: The header being added may cause unpredictable results if applied to ALL the URLs generated on behalf of the next script function. It will apply to the primary URL only.  	[MsgId: MWAR-26594]
put_script.c(5): web_add_header("Content-Type") highest severity level was "warning"  	[MsgId: MMSG-26391]
put_script.c(5): Notify: ****************   End of messages from web_add_header   *****************
put_script.c(5): web_rest("PUT: http://127.0.0.1:5000/music/{id}") was successful, 245 body bytes, 166 header bytes  	[MsgId: MMSG-26386]
Ending action put_script.	[MsgId: MMSG-15918]
Ending iteration 1.	[MsgId: MMSG-15965]
Waiting 175,7560 seconds for iteration pacing.	[MsgId: MMSG-15996]
Virtual User Script started at: Tue 25.07.23 15:41:15	[MsgId: MMSG-15967]
Starting action vuser_init.	[MsgId: MMSG-15919]
Web Turbo Replay of LoadRunner 12.55.0 for Windows 10; build 911 (èþë 24 2017 19:46:00)  	[MsgId: MMSG-26983]
Run mode: HTML  	[MsgId: MMSG-26993]
Replay user agent: Mozilla/5.0 (compatible; MSIE 10.0; Windows NT 6.1; Trident/6.0)  	[MsgId: MMSG-26988]
Run-Time Settings file: "C:\Users\User\AppData\Local\Temp\lr5tmpdirwoL.438\lrcfgdSt.518\cfgnjC.539"  	[MsgId: MMSG-27141]
Ending action vuser_init.	[MsgId: MMSG-15918]
Running Vuser...	[MsgId: MMSG-15964]
Starting iteration 1.	[MsgId: MMSG-15968]
Maximum number of concurrent connections per server: 6  	[MsgId: MMSG-26989]
Starting action post.	[MsgId: MMSG-15919]
post.c(3): web_set_sockets_option started  	[MsgId: MMSG-26355]
post.c(3): web_set_sockets_option was successful  	[MsgId: MMSG-26392]
post.c(5): web_reg_save_param_json started  	[MsgId: MMSG-26355]
post.c(5): Registering web_reg_save_param_json was successful  	[MsgId: MMSG-26390]
post.c(11): web_rest("POST: http://127.0.0.1:5000/music") started  	[MsgId: MMSG-26355]
post.c(11): Notify: ****************   web_add_header is called internally from web_rest. The following messages are from web_add_header   *****************
post.c(11): web_add_header("Accept") started  	[MsgId: MMSG-26355]
post.c(11): web_add_header("Accept") was successful  	[MsgId: MMSG-26392]
post.c(11): web_add_header("Content-Type") started  	[MsgId: MMSG-26355]
post.c(11): Warning -26594: The header being added may cause unpredictable results if applied to ALL the URLs generated on behalf of the next script function. It will apply to the primary URL only.  	[MsgId: MWAR-26594]
post.c(11): web_add_header("Content-Type") highest severity level was "warning"  	[MsgId: MMSG-26391]
post.c(11): Notify: ****************   End of messages from web_add_header   *****************
post.c(11): web_rest("POST: http://127.0.0.1:5000/music") was successful, 236 body bytes, 166 header bytes  	[MsgId: MMSG-26386]
Ending action post.	[MsgId: MMSG-15918]
Starting action get.	[MsgId: MMSG-15919]
get.c(3): web_set_sockets_option started  	[MsgId: MMSG-26355]
get.c(3): web_set_sockets_option was successful  	[MsgId: MMSG-26392]
get.c(5): web_rest("GET: http://127.0.0.1:5000/music/{id}") started  	[MsgId: MMSG-26355]
get.c(5): web_rest("GET: http://127.0.0.1:5000/music/{id}") was successful, 236 body bytes, 166 header bytes  	[MsgId: MMSG-26386]
Ending action get.	[MsgId: MMSG-15918]
Starting action put_script.	[MsgId: MMSG-15919]
put_script.c(3): web_set_sockets_option started  	[MsgId: MMSG-26355]
put_script.c(3): web_set_sockets_option was successful  	[MsgId: MMSG-26392]
put_script.c(5): web_rest("PUT: http://127.0.0.1:5000/music/{id}") started  	[MsgId: MMSG-26355]
put_script.c(5): Notify: ****************   web_add_header is called internally from web_rest. The following messages are from web_add_header   *****************
put_script.c(5): web_add_header("Accept") started  	[MsgId: MMSG-26355]
put_script.c(5): web_add_header("Accept") was successful  	[MsgId: MMSG-26392]
put_script.c(5): web_add_header("Content-Type") started  	[MsgId: MMSG-26355]
put_script.c(5): Warning -26594: The header being added may cause unpredictable results if applied to ALL the URLs generated on behalf of the next script function. It will apply to the primary URL only.  	[MsgId: MWAR-26594]
put_script.c(5): web_add_header("Content-Type") highest severity level was "warning"  	[MsgId: MMSG-26391]
put_script.c(5): Notify: ****************   End of messages from web_add_header   *****************
put_script.c(5): web_rest("PUT: http://127.0.0.1:5000/music/{id}") was successful, 245 body bytes, 166 header bytes  	[MsgId: MMSG-26386]
Ending action put_script.	[MsgId: MMSG-15918]
Ending iteration 1.	[MsgId: MMSG-15965]
Waiting 175,7590 seconds for iteration pacing.	[MsgId: MMSG-15996]
Starting iteration 2.	[MsgId: MMSG-15968]
Starting action post.	[MsgId: MMSG-15919]
post.c(3): web_set_sockets_option started  	[MsgId: MMSG-26355]
post.c(3): web_set_sockets_option was successful  	[MsgId: MMSG-26392]
post.c(5): web_reg_save_param_json started  	[MsgId: MMSG-26355]
post.c(5): Registering web_reg_save_param_json was successful  	[MsgId: MMSG-26390]
post.c(11): web_rest("POST: http://127.0.0.1:5000/music") started  	[MsgId: MMSG-26355]
post.c(11): Notify: ****************   web_add_header is called internally from web_rest. The following messages are from web_add_header   *****************
post.c(11): web_add_header("Accept") started  	[MsgId: MMSG-26355]
post.c(11): web_add_header("Accept") was successful  	[MsgId: MMSG-26392]
post.c(11): web_add_header("Content-Type") started  	[MsgId: MMSG-26355]
post.c(11): Warning -26594: The header being added may cause unpredictable results if applied to ALL the URLs generated on behalf of the next script function. It will apply to the primary URL only.  	[MsgId: MWAR-26594]
post.c(11): web_add_header("Content-Type") highest severity level was "warning"  	[MsgId: MMSG-26391]
post.c(11): Notify: ****************   End of messages from web_add_header   *****************
post.c(11): web_rest("POST: http://127.0.0.1:5000/music") was successful, 237 body bytes, 166 header bytes  	[MsgId: MMSG-26386]
Ending action post.	[MsgId: MMSG-15918]
Starting action get.	[MsgId: MMSG-15919]
get.c(3): web_set_sockets_option started  	[MsgId: MMSG-26355]
get.c(3): web_set_sockets_option was successful  	[MsgId: MMSG-26392]
get.c(5): web_rest("GET: http://127.0.0.1:5000/music/{id}") started  	[MsgId: MMSG-26355]
get.c(5): web_rest("GET: http://127.0.0.1:5000/music/{id}") was successful, 237 body bytes, 166 header bytes  	[MsgId: MMSG-26386]
Ending action get.	[MsgId: MMSG-15918]
Starting action put_script.	[MsgId: MMSG-15919]
put_script.c(3): web_set_sockets_option started  	[MsgId: MMSG-26355]
put_script.c(3): web_set_sockets_option was successful  	[MsgId: MMSG-26392]
put_script.c(5): web_rest("PUT: http://127.0.0.1:5000/music/{id}") started  	[MsgId: MMSG-26355]
put_script.c(5): Notify: ****************   web_add_header is called internally from web_rest. The following messages are from web_add_header   *****************
put_script.c(5): web_add_header("Accept") started  	[MsgId: MMSG-26355]
put_script.c(5): web_add_header("Accept") was successful  	[MsgId: MMSG-26392]
put_script.c(5): web_add_header("Content-Type") started  	[MsgId: MMSG-26355]
put_script.c(5): Warning -26594: The header being added may cause unpredictable results if applied to ALL the URLs generated on behalf of the next script function. It will apply to the primary URL only.  	[MsgId: MWAR-26594]
put_script.c(5): web_add_header("Content-Type") highest severity level was "warning"  	[MsgId: MMSG-26391]
put_script.c(5): Notify: ****************   End of messages from web_add_header   *****************
put_script.c(5): web_rest("PUT: http://127.0.0.1:5000/music/{id}") was successful, 246 body bytes, 166 header bytes  	[MsgId: MMSG-26386]
Ending action put_script.	[MsgId: MMSG-15918]
Ending iteration 2.	[MsgId: MMSG-15965]
Waiting 175,7920 seconds for iteration pacing.	[MsgId: MMSG-15996]
Starting iteration 2.	[MsgId: MMSG-15968]
Starting action post.	[MsgId: MMSG-15919]
post.c(3): web_set_sockets_option started  	[MsgId: MMSG-26355]
post.c(3): web_set_sockets_option was successful  	[MsgId: MMSG-26392]
post.c(5): web_reg_save_param_json started  	[MsgId: MMSG-26355]
post.c(5): Registering web_reg_save_param_json was successful  	[MsgId: MMSG-26390]
post.c(11): web_rest("POST: http://127.0.0.1:5000/music") started  	[MsgId: MMSG-26355]
post.c(11): Notify: ****************   web_add_header is called internally from web_rest. The following messages are from web_add_header   *****************
post.c(11): web_add_header("Accept") started  	[MsgId: MMSG-26355]
post.c(11): web_add_header("Accept") was successful  	[MsgId: MMSG-26392]
post.c(11): web_add_header("Content-Type") started  	[MsgId: MMSG-26355]
post.c(11): Warning -26594: The header being added may cause unpredictable results if applied to ALL the URLs generated on behalf of the next script function. It will apply to the primary URL only.  	[MsgId: MWAR-26594]
post.c(11): web_add_header("Content-Type") highest severity level was "warning"  	[MsgId: MMSG-26391]
post.c(11): Notify: ****************   End of messages from web_add_header   *****************
post.c(11): web_rest("POST: http://127.0.0.1:5000/music") was successful, 237 body bytes, 166 header bytes  	[MsgId: MMSG-26386]
Ending action post.	[MsgId: MMSG-15918]
Starting action get.	[MsgId: MMSG-15919]
get.c(3): web_set_sockets_option started  	[MsgId: MMSG-26355]
get.c(3): web_set_sockets_option was successful  	[MsgId: MMSG-26392]
get.c(5): web_rest("GET: http://127.0.0.1:5000/music/{id}") started  	[MsgId: MMSG-26355]
get.c(5): web_rest("GET: http://127.0.0.1:5000/music/{id}") was successful, 237 body bytes, 166 header bytes  	[MsgId: MMSG-26386]
Ending action get.	[MsgId: MMSG-15918]
Starting action put_script.	[MsgId: MMSG-15919]
put_script.c(3): web_set_sockets_option started  	[MsgId: MMSG-26355]
put_script.c(3): web_set_sockets_option was successful  	[MsgId: MMSG-26392]
put_script.c(5): web_rest("PUT: http://127.0.0.1:5000/music/{id}") started  	[MsgId: MMSG-26355]
put_script.c(5): Notify: ****************   web_add_header is called internally from web_rest. The following messages are from web_add_header   *****************
put_script.c(5): web_add_header("Accept") started  	[MsgId: MMSG-26355]
put_script.c(5): web_add_header("Accept") was successful  	[MsgId: MMSG-26392]
put_script.c(5): web_add_header("Content-Type") started  	[MsgId: MMSG-26355]
put_script.c(5): Warning -26594: The header being added may cause unpredictable results if applied to ALL the URLs generated on behalf of the next script function. It will apply to the primary URL only.  	[MsgId: MWAR-26594]
put_script.c(5): web_add_header("Content-Type") highest severity level was "warning"  	[MsgId: MMSG-26391]
put_script.c(5): Notify: ****************   End of messages from web_add_header   *****************
put_script.c(5): web_rest("PUT: http://127.0.0.1:5000/music/{id}") was successful, 246 body bytes, 166 header bytes  	[MsgId: MMSG-26386]
Ending action put_script.	[MsgId: MMSG-15918]
Ending iteration 2.	[MsgId: MMSG-15965]
Waiting 175,7550 seconds for iteration pacing.	[MsgId: MMSG-15996]
Starting iteration 3.	[MsgId: MMSG-15968]
Starting action post.	[MsgId: MMSG-15919]
post.c(3): web_set_sockets_option started  	[MsgId: MMSG-26355]
post.c(3): web_set_sockets_option was successful  	[MsgId: MMSG-26392]
post.c(5): web_reg_save_param_json started  	[MsgId: MMSG-26355]
post.c(5): Registering web_reg_save_param_json was successful  	[MsgId: MMSG-26390]
post.c(11): web_rest("POST: http://127.0.0.1:5000/music") started  	[MsgId: MMSG-26355]
post.c(11): Notify: ****************   web_add_header is called internally from web_rest. The following messages are from web_add_header   *****************
post.c(11): web_add_header("Accept") started  	[MsgId: MMSG-26355]
post.c(11): web_add_header("Accept") was successful  	[MsgId: MMSG-26392]
post.c(11): web_add_header("Content-Type") started  	[MsgId: MMSG-26355]
post.c(11): Warning -26594: The header being added may cause unpredictable results if applied to ALL the URLs generated on behalf of the next script function. It will apply to the primary URL only.  	[MsgId: MWAR-26594]
post.c(11): web_add_header("Content-Type") highest severity level was "warning"  	[MsgId: MMSG-26391]
post.c(11): Notify: ****************   End of messages from web_add_header   *****************
post.c(11): web_rest("POST: http://127.0.0.1:5000/music") was successful, 237 body bytes, 166 header bytes  	[MsgId: MMSG-26386]
Ending action post.	[MsgId: MMSG-15918]
Starting action get.	[MsgId: MMSG-15919]
get.c(3): web_set_sockets_option started  	[MsgId: MMSG-26355]
get.c(3): web_set_sockets_option was successful  	[MsgId: MMSG-26392]
get.c(5): web_rest("GET: http://127.0.0.1:5000/music/{id}") started  	[MsgId: MMSG-26355]
get.c(5): web_rest("GET: http://127.0.0.1:5000/music/{id}") was successful, 237 body bytes, 166 header bytes  	[MsgId: MMSG-26386]
Ending action get.	[MsgId: MMSG-15918]
Starting action put_script.	[MsgId: MMSG-15919]
put_script.c(3): web_set_sockets_option started  	[MsgId: MMSG-26355]
put_script.c(3): web_set_sockets_option was successful  	[MsgId: MMSG-26392]
put_script.c(5): web_rest("PUT: http://127.0.0.1:5000/music/{id}") started  	[MsgId: MMSG-26355]
put_script.c(5): Notify: ****************   web_add_header is called internally from web_rest. The following messages are from web_add_header   *****************
put_script.c(5): web_add_header("Accept") started  	[MsgId: MMSG-26355]
put_script.c(5): web_add_header("Accept") was successful  	[MsgId: MMSG-26392]
put_script.c(5): web_add_header("Content-Type") started  	[MsgId: MMSG-26355]
put_script.c(5): Warning -26594: The header being added may cause unpredictable results if applied to ALL the URLs generated on behalf of the next script function. It will apply to the primary URL only.  	[MsgId: MWAR-26594]
put_script.c(5): web_add_header("Content-Type") highest severity level was "warning"  	[MsgId: MMSG-26391]
put_script.c(5): Notify: ****************   End of messages from web_add_header   *****************
put_script.c(5): web_rest("PUT: http://127.0.0.1:5000/music/{id}") was successful, 246 body bytes, 166 header bytes  	[MsgId: MMSG-26386]
Ending action put_script.	[MsgId: MMSG-15918]
Ending iteration 3.	[MsgId: MMSG-15965]
Waiting 175,7570 seconds for iteration pacing.	[MsgId: MMSG-15996]
Starting iteration 3.	[MsgId: MMSG-15968]
Starting action post.	[MsgId: MMSG-15919]
post.c(3): web_set_sockets_option started  	[MsgId: MMSG-26355]
post.c(3): web_set_sockets_option was successful  	[MsgId: MMSG-26392]
post.c(5): web_reg_save_param_json started  	[MsgId: MMSG-26355]
post.c(5): Registering web_reg_save_param_json was successful  	[MsgId: MMSG-26390]
post.c(11): web_rest("POST: http://127.0.0.1:5000/music") started  	[MsgId: MMSG-26355]
post.c(11): Notify: ****************   web_add_header is called internally from web_rest. The following messages are from web_add_header   *****************
post.c(11): web_add_header("Accept") started  	[MsgId: MMSG-26355]
post.c(11): web_add_header("Accept") was successful  	[MsgId: MMSG-26392]
post.c(11): web_add_header("Content-Type") started  	[MsgId: MMSG-26355]
post.c(11): Warning -26594: The header being added may cause unpredictable results if applied to ALL the URLs generated on behalf of the next script function. It will apply to the primary URL only.  	[MsgId: MWAR-26594]
post.c(11): web_add_header("Content-Type") highest severity level was "warning"  	[MsgId: MMSG-26391]
post.c(11): Notify: ****************   End of messages from web_add_header   *****************
post.c(11): web_rest("POST: http://127.0.0.1:5000/music") was successful, 237 body bytes, 166 header bytes  	[MsgId: MMSG-26386]
Ending action post.	[MsgId: MMSG-15918]
Starting action get.	[MsgId: MMSG-15919]
get.c(3): web_set_sockets_option started  	[MsgId: MMSG-26355]
get.c(3): web_set_sockets_option was successful  	[MsgId: MMSG-26392]
get.c(5): web_rest("GET: http://127.0.0.1:5000/music/{id}") started  	[MsgId: MMSG-26355]
get.c(5): web_rest("GET: http://127.0.0.1:5000/music/{id}") was successful, 237 body bytes, 166 header bytes  	[MsgId: MMSG-26386]
Ending action get.	[MsgId: MMSG-15918]
Starting action put_script.	[MsgId: MMSG-15919]
put_script.c(3): web_set_sockets_option started  	[MsgId: MMSG-26355]
put_script.c(3): web_set_sockets_option was successful  	[MsgId: MMSG-26392]
put_script.c(5): web_rest("PUT: http://127.0.0.1:5000/music/{id}") started  	[MsgId: MMSG-26355]
put_script.c(5): Notify: ****************   web_add_header is called internally from web_rest. The following messages are from web_add_header   *****************
put_script.c(5): web_add_header("Accept") started  	[MsgId: MMSG-26355]
put_script.c(5): web_add_header("Accept") was successful  	[MsgId: MMSG-26392]
put_script.c(5): web_add_header("Content-Type") started  	[MsgId: MMSG-26355]
put_script.c(5): Warning -26594: The header being added may cause unpredictable results if applied to ALL the URLs generated on behalf of the next script function. It will apply to the primary URL only.  	[MsgId: MWAR-26594]
put_script.c(5): web_add_header("Content-Type") highest severity level was "warning"  	[MsgId: MMSG-26391]
put_script.c(5): Notify: ****************   End of messages from web_add_header   *****************
put_script.c(5): web_rest("PUT: http://127.0.0.1:5000/music/{id}") was successful, 246 body bytes, 166 header bytes  	[MsgId: MMSG-26386]
Ending action put_script.	[MsgId: MMSG-15918]
Ending iteration 3.	[MsgId: MMSG-15965]
Waiting 175,7840 seconds for iteration pacing.	[MsgId: MMSG-15996]
